2021-01-20 13:07:55,611:INFO:PyCaret Supervised Module
2021-01-20 13:07:55,611:INFO:ML Usecase: classification
2021-01-20 13:07:55,611:INFO:version 2.2.2
2021-01-20 13:07:55,612:INFO:Initializing setup()
2021-01-20 13:07:55,612:INFO:setup(target=TARGET, ml_usecase=classification, available_plots={'parameter': 'Hyperparameters', 'auc': 'AUC', 'confusion_matrix': 'Confusion Matrix', 'threshold': 'Threshold', 'pr': 'Precision Recall', 'error': 'Prediction Error', 'class_report': 'Class Report', 'rfe': 'Feature Selection', 'learning': 'Learning Curve', 'manifold': 'Manifold Learning', 'calibration': 'Calibration Curve', 'vc': 'Validation Curve', 'dimension': 'Dimensions', 'feature': 'Feature Importance', 'feature_all': 'Feature Importance (All)', 'boundary': 'Decision Boundary', 'lift': 'Lift Chart', 'gain': 'Gain Chart', 'tree': 'Decision Tree'}, train_size=0.7, test_data=None, preprocess=True, imputation_type=simple, iterative_imputation_iters=5, categorical_features=None, categorical_imputation=constant, categorical_iterative_imputer=lightgbm, ordinal_features=None, high_cardinality_features=None, high_cardinality_method=frequency, numeric_features=None, numeric_imputation=mean, numeric_iterative_imputer=lightgbm, date_features=None, ignore_features=None, normalize=False, normalize_method=zscore, transformation=False, transformation_method=yeo-johnson, handle_unknown_categorical=True, unknown_categorical_method=least_frequent, pca=False, pca_method=linear, pca_components=None, ignore_low_variance=False, combine_rare_levels=False, rare_level_threshold=0.1, bin_numeric_features=None, remove_outliers=True, outliers_threshold=0.05, remove_multicollinearity=False, multicollinearity_threshold=0.9, remove_perfect_collinearity=True, create_clusters=False, cluster_iter=20, polynomial_features=False, polynomial_degree=2, trigonometry_features=False, polynomial_threshold=0.1, group_features=None, group_names=None, feature_selection=False, feature_selection_threshold=0.8, feature_selection_method=classic, feature_interaction=False, feature_ratio=False, interaction_threshold=0.01, fix_imbalance=True, fix_imbalance_method=None, transform_target=False, transform_target_method=box-cox, data_split_shuffle=True, data_split_stratify=True, fold_strategy=stratifiedkfold, fold=7, fold_shuffle=False, fold_groups=None, n_jobs=-1, use_gpu=False, custom_pipeline=None, html=False, session_id=None, log_experiment=False, experiment_name=None, log_plots=False, log_profile=False, log_data=False, silent=True, verbose=False, profile=False, profile_kwargs=None, display=None)
2021-01-20 13:07:55,612:INFO:Checking environment
2021-01-20 13:07:55,612:INFO:python_version: 3.8.5
2021-01-20 13:07:55,612:INFO:python_build: ('default', 'Sep  3 2020 21:29:08')
2021-01-20 13:07:55,612:INFO:machine: AMD64
2021-01-20 13:07:55,612:INFO:platform: Windows-10-10.0.18362-SP0
2021-01-20 13:07:55,612:INFO:Memory: svmem(total=34172837888, available=22173224960, percent=35.1, used=11999612928, free=22173224960)
2021-01-20 13:07:55,612:INFO:Physical Core: 6
2021-01-20 13:07:55,612:INFO:Logical Core: 12
2021-01-20 13:07:55,612:INFO:Checking libraries
2021-01-20 13:07:55,612:INFO:pd==1.1.3
2021-01-20 13:07:55,612:INFO:numpy==1.19.2
2021-01-20 13:07:55,612:INFO:sklearn==0.23.2
2021-01-20 13:07:55,775:INFO:xgboost==1.3.0
2021-01-20 13:07:55,776:INFO:lightgbm==3.1.1
2021-01-20 13:07:55,862:INFO:catboost==0.24.3
2021-01-20 13:07:56,728:INFO:mlflow==1.12.1
2021-01-20 13:07:56,729:INFO:Checking Exceptions
2021-01-20 13:07:56,729:INFO:Declaring global variables
2021-01-20 13:07:56,729:INFO:USI: f538
2021-01-20 13:07:56,729:INFO:pycaret_globals: {'transform_target_method_param', 'y_test', '_available_plots', 'imputation_regressor', 'fix_imbalance_method_param', 'X', 'target_param', 'X_test', 'master_model_container', 'X_train', 'n_jobs_param', 'y_train', 'fix_imbalance_param', 'log_plots_param', 'iterative_imputation_iters_param', 'create_model_container', 'fold_shuffle_param', '_all_models', 'seed', 'experiment__', 'fold_groups_param', 'y', 'exp_name_log', '_all_models_internal', 'imputation_classifier', 'data_before_preprocess', '_gpu_n_jobs_param', 'stratify_param', 'USI', 'prep_pipe', '_internal_pipeline', '_all_metrics', 'pycaret_globals', 'fold_generator', 'logging_param', 'transform_target_param', 'fold_param', '_ml_usecase', 'html_param', 'display_container', 'gpu_param'}
2021-01-20 13:07:56,729:INFO:Preparing display monitor
2021-01-20 13:07:56,729:INFO:Importing libraries
2021-01-20 13:07:56,729:INFO:Copying data for preprocessing
2021-01-20 13:07:56,773:INFO:Declaring preprocessing parameters
2021-01-20 13:07:56,959:INFO:Creating preprocessing pipeline
2021-01-20 13:07:59,100:INFO:Preprocessing pipeline created successfully
2021-01-20 13:07:59,100:ERROR:(Process Exit): setup has been interupted with user command 'quit'. setup must rerun.
2021-01-20 13:07:59,101:INFO:Creating global containers
2021-01-20 13:07:59,101:INFO:Internal pipeline: Pipeline(memory=None,
         steps=[('fix_imbalance',
                 SMOTE(k_neighbors=5, n_jobs=None, random_state=4553,
                       sampling_strategy='auto'))],
         verbose=False)
2021-01-20 13:08:25,864:INFO:Creating grid variables
2021-01-20 13:08:25,974:INFO:create_model_container: 0
2021-01-20 13:08:25,974:INFO:master_model_container: 0
2021-01-20 13:08:25,974:INFO:display_container: 0
2021-01-20 13:08:25,978:INFO:Pipeline(memory=None,
         steps=[('dtypes',
                 DataTypes_Auto_infer(categorical_features=[],
                                      display_types=False, features_todrop=[],
                                      id_columns=[],
                                      ml_usecase='classification',
                                      numerical_features=[], target='TARGET',
                                      time_features=[])),
                ('imputer',
                 Simple_Imputer(categorical_strategy='not_available',
                                fill_value_categorical=None,
                                fill_value_numerical=None,
                                numeric_stra...
                ('rem_outliers',
                 Outlier(contamination=0.05, methods=['pca'], random_state=4553,
                         target='TARGET')),
                ('cluster_all', 'passthrough'),
                ('dummy', Dummify(target='TARGET')),
                ('fix_perfect', Remove_100(target='TARGET')),
                ('clean_names', Clean_Colum_Names()),
                ('feature_select', 'passthrough'), ('fix_multi', 'passthrough'),
                ('dfs', 'passthrough'), ('pca', 'passthrough')],
         verbose=False)
2021-01-20 13:08:25,978:INFO:setup() succesfully completed......................................
2021-01-20 13:08:26,113:INFO:Initializing get_config()
2021-01-20 13:08:26,113:INFO:get_config(variable=X_train)
2021-01-20 13:08:26,123:INFO:Global variable: X_train returned as             Bur_CB_AMT_CREDIT_MAX_OVERDUE__max  Bur_CB_AMT_CREDIT_SUM_OVERDUE__sum  Bur_CB_CR_TY_Microloan__sum  PA_PrLCash_SK_DPD_DEF__mean__mean  PA_DAYS_FIRST_DUE__min  DEF_60_CNT_SOCIAL_CIRCLE  Bur_CB_AMT_CREDIT_SUM_LIMIT__sum  PA_PrLCash_SK_DPD__mean__mean  PA_DAYS_LAST_DUE_1ST_VERSION__min  PA_PrLI_DELAY_DAYS_INSTALMENT__max__max  ...  ORGANIZATION_TYPE_Security Ministries  ORGANIZATION_TYPE_Self-employed  ORGANIZATION_TYPE_Services  ORGANIZATION_TYPE_Trade type 2  ORGANIZATION_TYPE_Trade type 3  ORGANIZATION_TYPE_Trade type 7  ORGANIZATION_TYPE_Transport type 2  ORGANIZATION_TYPE_Transport type 3  ORGANIZATION_TYPE_Transport type 4  ORGANIZATION_TYPE_University
SK_ID_CURR                                                                                                                                                                                                                                                                                                                                         ...                                                                                                                                                                                                                                                                                                                                              
260567                                    0.00                                0.00                         0.00                               0.00                -1835.00                      0.00                              0.00                          22.41                           -1565.00                                   310.00  ...                                   0.00                             0.00                        0.00                            0.00                            0.00                            0.00                                0.00                                0.00                                0.00                          0.00
169376                                   13.50                                0.00                         0.00                               0.00                -2543.00                      1.00                              0.00                           1.62                           -2213.00                                    32.00  ...                                   0.00                             0.00                        0.00                            0.00                            0.00                            0.00                                0.00                                0.00                                0.00                          0.00
363677                                35829.00                                0.00                         0.00                               0.13                -2546.00                      0.00                              0.00                           0.13                           -2456.00                                    14.00  ...                                   0.00                             1.00                        0.00                            0.00                            0.00                            0.00                                0.00                                0.00                                0.00                          0.00
420720                                    0.00                                0.00                         0.00                               0.00                 -804.00                      0.00                              0.00                           0.00                            -654.00                                    -3.00  ...                                   0.00                             0.00                        0.00                            0.00                            0.00                            0.00                                0.00                                0.00                                0.00                          0.00
222564                                    0.00                                0.00                         0.00                               0.00                -1994.00                      0.00                              0.00                           0.00                           -1844.00                                     4.00  ...                                   0.00                             1.00                        0.00                            0.00                            0.00                            0.00                                0.00                                0.00                                0.00                          0.00
...                                        ...                                 ...                          ...                                ...                     ...                       ...                               ...                            ...                                ...                                      ...  ...                                    ...                              ...                         ...                             ...                             ...                             ...                                 ...                                 ...                                 ...                           ...
212979                                    0.00                                0.00                         0.00                               0.00                 -459.00                      0.00                              0.00                           0.00                             591.00                                     0.00  ...                                   0.00                             0.00                        0.00                            0.00                            0.00                            1.00                                0.00                                0.00                                0.00                          0.00
184681                                    0.00                                0.00                         0.00                               0.00                -2140.00                      0.00                              0.00                           0.00                           -1810.00                                    14.00  ...                                   0.00                             0.00                        0.00                            0.00                            0.00                            0.00                                0.00                                0.00                                0.00                          0.00
299938                                11326.82                                0.00                         0.00                               0.00                -2617.00                      0.00                              0.00                           0.00                           -2467.00                                     2.00  ...                                   0.00                             0.00                        0.00                            0.00                            0.00                            0.00                                0.00                                0.00                                0.00                          0.00
433033                                10829.79                                0.00                         0.00                               0.00                 -808.00                      0.00                              0.00                           0.00                            -118.00                                     7.00  ...                                   0.00                             0.00                        0.00                            0.00                            0.00                            1.00                                0.00                                0.00                                0.00                          0.00
397837                                    0.00                                0.00                         0.00                               0.00                 -812.00                      1.00                              0.00                           0.00                            -482.00                                     7.00  ...                                   0.00                             0.00                        0.00                            0.00                            0.00                            0.00                                0.00                                0.00                                0.00                          0.00

[163594 rows x 140 columns]
2021-01-20 13:08:26,123:INFO:get_config() succesfully completed......................................
2021-01-20 13:08:26,123:INFO:Initializing get_config()
2021-01-20 13:08:26,123:INFO:get_config(variable=y_train)
2021-01-20 13:08:26,124:INFO:Global variable: y_train returned as SK_ID_CURR
260567    0
169376    0
363677    0
420720    0
222564    0
         ..
212979    0
184681    0
299938    0
433033    0
397837    1
Name: TARGET, Length: 163594, dtype: int32
2021-01-20 13:08:26,124:INFO:get_config() succesfully completed......................................
2021-01-20 13:08:26,132:INFO:gpu_param set to False
2021-01-20 13:08:27,546:INFO:Initializing predict_model()
2021-01-20 13:08:27,546:INFO:predict_model(estimator=LGBMClassifier(boosting_type='gbdt', class_weight=None, colsample_bytree=1.0,
               importance_type='split', learning_rate=0.1, max_depth=-1,
               min_child_samples=20, min_child_weight=0.001, min_split_gain=0.0,
               n_estimators=100, n_jobs=-1, num_leaves=31, objective=None,
               random_state=6809, reg_alpha=0.0, reg_lambda=0.0, silent=True,
               subsample=1.0, subsample_for_bin=200000, subsample_freq=0), probability_threshold=None, encoded_labels=False, round=4, verbose=True, ml_usecase=MLUsecase.CLASSIFICATION, display=None)
2021-01-20 13:08:27,546:INFO:Checking exceptions
2021-01-20 13:08:27,546:INFO:Preloading libraries
2021-01-20 13:08:27,546:INFO:Preparing display monitor
2021-01-20 13:08:37,818:INFO:Initializing predict_model()
2021-01-20 13:08:37,818:INFO:predict_model(estimator=LGBMClassifier(boosting_type='gbdt', class_weight=None, colsample_bytree=1.0,
               importance_type='split', learning_rate=0.1, max_depth=-1,
               min_child_samples=20, min_child_weight=0.001, min_split_gain=0.0,
               n_estimators=100, n_jobs=-1, num_leaves=31, objective=None,
               random_state=6809, reg_alpha=0.0, reg_lambda=0.0, silent=True,
               subsample=1.0, subsample_for_bin=200000, subsample_freq=0), probability_threshold=None, encoded_labels=False, round=4, verbose=True, ml_usecase=MLUsecase.CLASSIFICATION, display=None)
2021-01-20 13:08:37,818:INFO:Checking exceptions
2021-01-20 13:08:37,818:INFO:Preloading libraries
2021-01-20 13:08:37,818:INFO:Preparing display monitor
2021-01-20 13:08:40,599:INFO:Initializing predict_model()
2021-01-20 13:08:40,599:INFO:predict_model(estimator=XGBClassifier(base_score=0.5, booster='gbtree', colsample_bylevel=1,
              colsample_bynode=1, colsample_bytree=1, gamma=0, gpu_id=-1,
              importance_type='gain', interaction_constraints='',
              learning_rate=0.300000012, max_delta_step=0, max_depth=6,
              min_child_weight=1, missing=nan, monotone_constraints='()',
              n_estimators=100, n_jobs=-1, num_parallel_tree=1,
              objective='binary:logistic', random_state=6809, reg_alpha=0,
              reg_lambda=1, scale_pos_weight=1, subsample=1, tree_method='auto',
              use_label_encoder=True, validate_parameters=1, verbosity=0), probability_threshold=None, encoded_labels=False, round=4, verbose=True, ml_usecase=MLUsecase.CLASSIFICATION, display=None)
2021-01-20 13:08:40,599:INFO:Checking exceptions
2021-01-20 13:08:40,599:INFO:Preloading libraries
2021-01-20 13:08:40,599:INFO:Preparing display monitor
